<?xml version="1.0" encoding="UTF-8"?>
<!-- Generated by org.testng.reporters.JUnitReportReporter -->
<testsuite hostname="DESKTOP-3IU1GUE" failures="0" tests="1" name="com.actitime.testscripts.CreateUserTest" time="28.873" errors="0" timestamp="2021-09-19T15:38:42 IST" skipped="0">
  <testcase classname="com.actitime.testscripts.CreateUserTest" name="generateUserTest" time="28.873"/>
  <system-out/>
</testsuite> <!-- com.actitime.testscripts.CreateUserTest -->
